INFO:root:Sysdig host is eu-gb.monitoring.cloud.ibm.com
INFO:root:Protocol to use is https
INFO:root:Logging isDEBUG
INFO:root:saving API response under log directory...
INFO:root:Sysdig host is eu-gb.monitoring.cloud.ibm.com
INFO:root:Protocol to use is https
INFO:root:Logging isDEBUG
INFO:root:saving API response under log directory...
INFO:root:Sysdig host is eu-gb.monitoring.cloud.ibm.com
INFO:root:Protocol to use is https
INFO:root:Logging isDEBUG
INFO:root:saving API response under log directory...
INFO:root:Sysdig host is eu-gb.monitoring.cloud.ibm.com
INFO:root:Protocol to use is https
INFO:root:Logging isDEBUG
INFO:root:saving API response under log directory...
INFO:root:Sysdig host is eu-gb.monitoring.cloud.ibm.com
INFO:root:Protocol to use is https
INFO:root:Logging isDEBUG
INFO:root:saving API response under log directory...
INFO:root:Sysdig host is eu-gb.monitoring.cloud.ibm.com
INFO:root:Protocol to use is https
INFO:root:Logging isDEBUG
INFO:root:saving API response under log directory...
INFO:root:Sysdig host is eu-gb.monitoring.cloud.ibm.com
INFO:root:Protocol to use is https
INFO:root:Logging isDEBUG
INFO:root:saving API response under log directory...
INFO:root:Sysdig host is eu-gb.monitoring.cloud.ibm.com
INFO:root:Protocol to use is https
INFO:root:Logging isDEBUG
INFO:root:saving API response under log directory...
INFO:root:Sysdig host is eu-gb.monitoring.cloud.ibm.com
INFO:root:Protocol to use is https
INFO:root:Logging isDEBUG
INFO:root:saving API response under log directory...
INFO:root:Sysdig host is eu-gb.monitoring.cloud.ibm.com
INFO:root:Protocol to use is https
INFO:root:Logging isDEBUG
INFO:root:saving API response under log directory...
INFO:root:Sysdig host is eu-gb.monitoring.cloud.ibm.com
INFO:root:Protocol to use is https
INFO:root:Logging isDEBUG
INFO:root:saving API response under log directory...
INFO:root:Sysdig host is eu-gb.monitoring.cloud.ibm.com
INFO:root:Protocol to use is https
INFO:root:Logging isDEBUG
INFO:root:saving API response under log directory...
INFO:root:Sysdig host is eu-gb.monitoring.cloud.ibm.com
INFO:root:Protocol to use is https
INFO:root:Logging isDEBUG
INFO:root:saving API response under log directory...
INFO:root:Sysdig host is eu-gb.monitoring.cloud.ibm.com
INFO:root:Protocol to use is https
INFO:root:Logging isDEBUG
INFO:root:saving API response under log directory...
INFO:root:Sysdig host is eu-gb.monitoring.cloud.ibm.com
INFO:root:Protocol to use is https
INFO:root:Logging isDEBUG
INFO:root:saving API response under log directory...
INFO:root:Sysdig host is eu-gb.monitoring.cloud.ibm.com
INFO:root:Protocol to use is https
INFO:root:Logging isDEBUG
INFO:root:saving API response under log directory...
INFO:root:Sysdig host is eu-gb.monitoring.cloud.ibm.com
INFO:root:Protocol to use is https
INFO:root:Logging isDEBUG
INFO:root:saving API response under log directory...
INFO:root:Sysdig host is eu-gb.monitoring.cloud.ibm.com
INFO:root:Protocol to use is https
INFO:root:Logging isDEBUG
INFO:root:saving API response under log directory...
INFO:root:Sysdig host is eu-gb.monitoring.cloud.ibm.com
INFO:root:Protocol to use is https
INFO:root:Logging isDEBUG
INFO:root:saving API response under log directory...
INFO:root:Sysdig host is eu-gb.monitoring.cloud.ibm.com
INFO:root:Protocol to use is https
INFO:root:Logging isDEBUG
INFO:root:saving API response under log directory...
INFO:root:Sysdig host is eu-gb.monitoring.cloud.ibm.com
INFO:root:Protocol to use is https
INFO:root:Logging isDEBUG
INFO:root:saving API response under log directory...
INFO:root:Sysdig host is eu-gb.monitoring.cloud.ibm.com
INFO:root:Protocol to use is https
INFO:root:Logging isDEBUG
INFO:root:saving API response under log directory...
INFO:root:Sysdig host is eu-gb.monitoring.cloud.ibm.com
INFO:root:Protocol to use is https
INFO:root:Logging isDEBUG
INFO:root:saving API response under log directory...
INFO:root:Sysdig host is eu-gb.monitoring.cloud.ibm.com
INFO:root:Protocol to use is https
INFO:root:Logging isDEBUG
INFO:root:saving API response under log directory...
INFO:root:Sysdig host is eu-gb.monitoring.cloud.ibm.com
INFO:root:Protocol to use is https
INFO:root:Logging isDEBUG
INFO:root:saving API response under log directory...
INFO:root:Sysdig host is eu-gb.monitoring.cloud.ibm.com
INFO:root:Protocol to use is https
INFO:root:Logging isDEBUG
INFO:root:saving API response under log directory...
INFO:root:Sysdig host is eu-gb.monitoring.cloud.ibm.com
INFO:root:Protocol to use is https
INFO:root:Logging isDEBUG
INFO:root:saving API response under log directory...
INFO:root:Sysdig host is eu-gb.monitoring.cloud.ibm.com
INFO:root:Protocol to use is https
INFO:root:Logging isDEBUG
INFO:root:saving API response under log directory...
INFO:root:Sysdig host is eu-gb.monitoring.cloud.ibm.com
INFO:root:Protocol to use is https
INFO:root:Logging isDEBUG
INFO:root:saving API response under log directory...
INFO:root:Sysdig host is eu-gb.monitoring.cloud.ibm.com
INFO:root:Protocol to use is https
INFO:root:Logging isDEBUG
INFO:root:saving API response under log directory...
INFO:root:Sysdig host is eu-gb.monitoring.cloud.ibm.com
INFO:root:Protocol to use is https
INFO:root:Logging isDEBUG
INFO:root:saving API response under log directory...
INFO:root:Sysdig host is eu-gb.monitoring.cloud.ibm.com
INFO:root:Protocol to use is https
INFO:root:Logging isDEBUG
INFO:root:saving API response under log directory...
INFO:root:Sysdig host is eu-gb.monitoring.cloud.ibm.com
INFO:root:Protocol to use is https
INFO:root:Logging isDEBUG
INFO:root:saving API response under log directory...
INFO:root:Sysdig host is eu-gb.monitoring.cloud.ibm.com
INFO:root:Protocol to use is https
INFO:root:Logging isDEBUG
INFO:root:saving API response under log directory...
INFO:root:Sysdig host is eu-gb.monitoring.cloud.ibm.com
INFO:root:Protocol to use is https
INFO:root:Logging isDEBUG
INFO:root:saving API response under log directory...
INFO:root:Sysdig host is eu-gb.monitoring.cloud.ibm.com
INFO:root:Protocol to use is https
INFO:root:Logging isDEBUG
INFO:root:saving API response under log directory...
INFO:root:Sysdig host is eu-gb.monitoring.cloud.ibm.com
INFO:root:Protocol to use is https
INFO:root:Logging isDEBUG
INFO:root:saving API response under log directory...
INFO:root:Sysdig host is eu-gb.monitoring.cloud.ibm.com
INFO:root:Protocol to use is https
INFO:root:Logging isDEBUG
INFO:root:saving API response under log directory...
INFO:root:Sysdig host is eu-gb.monitoring.cloud.ibm.com
INFO:root:Protocol to use is https
INFO:root:Logging isDEBUG
INFO:root:saving API response under log directory...
INFO:root:Sysdig host is eu-gb.monitoring.cloud.ibm.com
INFO:root:Protocol to use is https
INFO:root:Logging isDEBUG
INFO:root:saving API response under log directory...
INFO:root:Sysdig host is eu-gb.monitoring.cloud.ibm.com
INFO:root:Protocol to use is https
INFO:root:Logging isDEBUG
INFO:root:saving API response under log directory...
INFO:root:Sysdig host is eu-gb.monitoring.cloud.ibm.com
INFO:root:Protocol to use is https
INFO:root:Logging isDEBUG
INFO:root:saving API response under log directory...
INFO:root:Sysdig host is eu-gb.monitoring.cloud.ibm.com
INFO:root:Protocol to use is https
INFO:root:Logging isDEBUG
INFO:root:saving API response under log directory...
INFO:root:Sysdig host is eu-gb.monitoring.cloud.ibm.com
INFO:root:Protocol to use is https
INFO:root:Logging isDEBUG
INFO:root:saving API response under log directory...
INFO:root:Sysdig host is eu-gb.monitoring.cloud.ibm.com
INFO:root:Protocol to use is https
INFO:root:Logging isDEBUG
INFO:root:saving API response under log directory...
INFO:root:Sysdig host is eu-gb.monitoring.cloud.ibm.com
INFO:root:Protocol to use is https
INFO:root:Logging isDEBUG
INFO:root:saving API response under log directory...
INFO:root:Sysdig host is eu-gb.monitoring.cloud.ibm.com
INFO:root:Protocol to use is https
INFO:root:Logging isDEBUG
INFO:root:saving API response under log directory...
INFO:root:Sysdig host is eu-gb.monitoring.cloud.ibm.com
INFO:root:Protocol to use is https
INFO:root:Logging isDEBUG
INFO:root:saving API response under log directory...
INFO:root:Sysdig host is eu-gb.monitoring.cloud.ibm.com
INFO:root:Protocol to use is https
INFO:root:Logging isDEBUG
INFO:root:saving API response under log directory...
INFO:root:Sysdig host is eu-gb.monitoring.cloud.ibm.com
INFO:root:Protocol to use is https
INFO:root:Logging isDEBUG
INFO:root:saving API response under log directory...
INFO:root:Sysdig host is eu-gb.monitoring.cloud.ibm.com
INFO:root:Protocol to use is https
INFO:root:Logging isDEBUG
INFO:root:saving API response under log directory...
INFO:root:Sysdig host is eu-gb.monitoring.cloud.ibm.com
INFO:root:Protocol to use is https
INFO:root:Logging isDEBUG
INFO:root:saving API response under log directory...
INFO:root:Sysdig host is eu-gb.monitoring.cloud.ibm.com
INFO:root:Protocol to use is https
INFO:root:Logging isDEBUG
INFO:root:saving API response under log directory...
INFO:root:Sysdig host is eu-gb.monitoring.cloud.ibm.com
INFO:root:Protocol to use is https
INFO:root:Logging isDEBUG
INFO:root:saving API response under log directory...
INFO:root:Sysdig host is eu-gb.monitoring.cloud.ibm.com
INFO:root:Protocol to use is https
INFO:root:Logging isDEBUG
INFO:root:saving API response under log directory...
INFO:root:Sysdig host is eu-gb.monitoring.cloud.ibm.com
INFO:root:Protocol to use is https
INFO:root:Logging isDEBUG
INFO:root:saving API response under log directory...
INFO:root:Sysdig host is eu-gb.monitoring.cloud.ibm.com
INFO:root:Protocol to use is https
INFO:root:Logging isDEBUG
INFO:root:saving API response under log directory...
INFO:root:Sysdig host is eu-gb.monitoring.cloud.ibm.com
INFO:root:Protocol to use is https
INFO:root:Logging isDEBUG
INFO:root:saving API response under log directory...
INFO:root:Sysdig host is eu-gb.monitoring.cloud.ibm.com
INFO:root:Protocol to use is https
INFO:root:Logging isDEBUG
INFO:root:saving API response under log directory...
INFO:root:Sysdig host is eu-gb.monitoring.cloud.ibm.com
INFO:root:Protocol to use is https
INFO:root:Logging isDEBUG
INFO:root:saving API response under log directory...
INFO:root:Sysdig host is eu-gb.monitoring.cloud.ibm.com
INFO:root:Protocol to use is https
INFO:root:Logging isDEBUG
INFO:root:saving API response under log directory...
INFO:root:Sysdig host is eu-gb.monitoring.cloud.ibm.com
INFO:root:Protocol to use is https
INFO:root:Logging isDEBUG
INFO:root:saving API response under log directory...
INFO:root:Sysdig host is eu-gb.monitoring.cloud.ibm.com
INFO:root:Protocol to use is https
INFO:root:Logging isDEBUG
INFO:root:saving API response under log directory...
INFO:root:Sysdig host is eu-gb.monitoring.cloud.ibm.com
INFO:root:Protocol to use is https
INFO:root:Logging isDEBUG
INFO:root:saving API response under log directory...
INFO:root:Sysdig host is eu-gb.monitoring.cloud.ibm.com
INFO:root:Protocol to use is https
INFO:root:Logging isDEBUG
INFO:root:saving API response under log directory...
INFO:root:Sysdig host is eu-gb.monitoring.cloud.ibm.com
INFO:root:Protocol to use is https
INFO:root:Logging isDEBUG
INFO:root:saving API response under log directory...
INFO:root:Sysdig host is eu-gb.monitoring.cloud.ibm.com
INFO:root:Protocol to use is https
INFO:root:Logging isDEBUG
INFO:root:saving API response under log directory...
INFO:root:Sysdig host is eu-gb.monitoring.cloud.ibm.com
INFO:root:Protocol to use is https
INFO:root:Logging isDEBUG
INFO:root:saving API response under log directory...
INFO:root:Sysdig host is eu-gb.monitoring.cloud.ibm.com
INFO:root:Protocol to use is https
INFO:root:Logging isDEBUG
INFO:root:saving API response under log directory...
INFO:root:Sysdig host is eu-gb.monitoring.cloud.ibm.com
INFO:root:Protocol to use is https
INFO:root:Logging isDEBUG
INFO:root:saving API response under log directory...
INFO:root:Sysdig host is eu-gb.monitoring.cloud.ibm.com
INFO:root:Protocol to use is https
INFO:root:Logging isDEBUG
INFO:root:saving API response under log directory...
INFO:root:Sysdig host is eu-gb.monitoring.cloud.ibm.com
INFO:root:Protocol to use is https
INFO:root:Logging isDEBUG
INFO:root:saving API response under log directory...
INFO:root:Sysdig host is eu-gb.monitoring.cloud.ibm.com
INFO:root:Protocol to use is https
INFO:root:Logging isDEBUG
INFO:root:saving API response under log directory...
INFO:root:Sysdig host is eu-gb.monitoring.cloud.ibm.com
INFO:root:Protocol to use is https
INFO:root:Logging isDEBUG
INFO:root:saving API response under log directory...
INFO:root:Sysdig host is eu-gb.monitoring.cloud.ibm.com
INFO:root:Protocol to use is https
INFO:root:Logging isDEBUG
INFO:root:saving API response under log directory...
INFO:root:Sysdig host is eu-gb.monitoring.cloud.ibm.com
INFO:root:Protocol to use is https
INFO:root:Logging isDEBUG
INFO:root:saving API response under log directory...
INFO:root:Sysdig host is eu-gb.monitoring.cloud.ibm.com
INFO:root:Protocol to use is https
INFO:root:Logging isDEBUG
INFO:root:saving API response under log directory...
INFO:root:Sysdig host is eu-gb.monitoring.cloud.ibm.com
INFO:root:Protocol to use is https
INFO:root:Logging isDEBUG
INFO:root:saving API response under log directory...
INFO:root:Sysdig host is eu-gb.monitoring.cloud.ibm.com
INFO:root:Protocol to use is https
INFO:root:Logging isDEBUG
INFO:root:saving API response under log directory...
INFO:root:Sysdig host is eu-gb.monitoring.cloud.ibm.com
INFO:root:Protocol to use is https
INFO:root:Logging isDEBUG
INFO:root:saving API response under log directory...
INFO:root:Sysdig host is eu-gb.monitoring.cloud.ibm.com
INFO:root:Protocol to use is https
INFO:root:Logging isDEBUG
INFO:root:saving API response under log directory...
INFO:root:Sysdig host is eu-gb.monitoring.cloud.ibm.com
INFO:root:Protocol to use is https
INFO:root:Logging isDEBUG
INFO:root:saving API response under log directory...
INFO:root:Sysdig host is eu-gb.monitoring.cloud.ibm.com
INFO:root:Protocol to use is https
INFO:root:Logging isDEBUG
INFO:root:saving API response under log directory...
INFO:root:Sysdig host is eu-gb.monitoring.cloud.ibm.com
INFO:root:Protocol to use is https
INFO:root:Logging isDEBUG
INFO:root:saving API response under log directory...
INFO:root:Sysdig host is eu-gb.monitoring.cloud.ibm.com
INFO:root:Protocol to use is https
INFO:root:Logging isDEBUG
INFO:root:saving API response under log directory...
INFO:root:Sysdig host is eu-gb.monitoring.cloud.ibm.com
INFO:root:Protocol to use is https
INFO:root:Logging isDEBUG
INFO:root:saving API response under log directory...
INFO:root:Sysdig host is eu-gb.monitoring.cloud.ibm.com
INFO:root:Protocol to use is https
INFO:root:Logging isDEBUG
INFO:root:saving API response under log directory...
INFO:root:Sysdig host is eu-gb.monitoring.cloud.ibm.com
INFO:root:Protocol to use is https
INFO:root:Logging isDEBUG
INFO:root:saving API response under log directory...
INFO:root:Sysdig host is eu-gb.monitoring.cloud.ibm.com
INFO:root:Protocol to use is https
INFO:root:Logging isDEBUG
INFO:root:saving API response under log directory...
INFO:root:Sysdig host is eu-gb.monitoring.cloud.ibm.com
INFO:root:Protocol to use is https
INFO:root:Logging isDEBUG
INFO:root:saving API response under log directory...
INFO:root:Sysdig host is eu-gb.monitoring.cloud.ibm.com
INFO:root:Protocol to use is https
INFO:root:Logging isDEBUG
INFO:root:saving API response under log directory...
INFO:root:Sysdig host is eu-gb.monitoring.cloud.ibm.com
INFO:root:Protocol to use is https
INFO:root:Logging isDEBUG
INFO:root:saving API response under log directory...
INFO:root:Sysdig host is eu-gb.monitoring.cloud.ibm.com
INFO:root:Protocol to use is https
INFO:root:Logging isDEBUG
INFO:root:saving API response under log directory...
INFO:root:Sysdig host is eu-gb.monitoring.cloud.ibm.com
INFO:root:Protocol to use is https
INFO:root:Logging isDEBUG
INFO:root:saving API response under log directory...
INFO:root:Sysdig host is eu-gb.monitoring.cloud.ibm.com
INFO:root:Protocol to use is https
INFO:root:Logging isDEBUG
INFO:root:saving API response under log directory...
INFO:root:Sysdig host is eu-gb.monitoring.cloud.ibm.com
INFO:root:Protocol to use is https
INFO:root:Logging isDEBUG
INFO:root:saving API response under log directory...
INFO:root:Sysdig host is eu-gb.monitoring.cloud.ibm.com
INFO:root:Protocol to use is https
INFO:root:Logging isDEBUG
INFO:root:saving API response under log directory...
INFO:root:Sysdig host is eu-gb.monitoring.cloud.ibm.com
INFO:root:Protocol to use is https
INFO:root:Logging isDEBUG
INFO:root:saving API response under log directory...
INFO:root:Sysdig host is eu-gb.monitoring.cloud.ibm.com
INFO:root:Protocol to use is https
INFO:root:Logging isDEBUG
INFO:root:saving API response under log directory...
INFO:root:Sysdig host is eu-gb.monitoring.cloud.ibm.com
INFO:root:Protocol to use is https
INFO:root:Logging isDEBUG
INFO:root:saving API response under log directory...
INFO:root:query url: https://eu-gb.monitoring.cloud.ibm.com:443/api/data
INFO:root:query url: https://eu-gb.monitoring.cloud.ibm.com:443/api/data
INFO:root:WARNING: no workloadStats definition in configuration file
INFO:root:Statistics for aspect workloadStats not being requested.
INFO:root:query url: https://eu-gb.monitoring.cloud.ibm.com:443/api/data
INFO:root:Sysdig host is eu-gb.monitoring.cloud.ibm.com
INFO:root:Protocol to use is https
INFO:root:Logging isDEBUG
INFO:root:saving API response under log directory...
INFO:root:query url: https://eu-gb.monitoring.cloud.ibm.com:443/api/data
INFO:root:Item count is: 60
INFO:root:query url: https://eu-gb.monitoring.cloud.ibm.com:443/api/data
INFO:root:Item count is: 100
INFO:root:WARNING: no workloadStats definition in configuration file
INFO:root:Statistics for aspect workloadStats not being requested.
INFO:root:query url: https://eu-gb.monitoring.cloud.ibm.com:443/api/data
INFO:root:Item count is: 4
INFO:root:Sysdig host is eu-gb.monitoring.cloud.ibm.com
INFO:root:Protocol to use is https
INFO:root:Logging isDEBUG
INFO:root:saving API response under log directory...
INFO:root:====== BEGIN RUN - TIMESTAMP IS 20200823175815
INFO:root:Querying data for aspect namespaceStats, query url: https://eu-gb.monitoring.cloud.ibm.com:443/api/data
INFO:root:Item count is: 60
INFO:root:Querying data for aspect nodeStats, query url: https://eu-gb.monitoring.cloud.ibm.com:443/api/data
INFO:root:Item count is: 100
INFO:root:WARNING: no workloadStats definition in configuration file
INFO:root:Statistics for aspect workloadStats not being requested.
INFO:root:Querying data for aspect clusterStats, query url: https://eu-gb.monitoring.cloud.ibm.com:443/api/data
INFO:root:Item count is: 4
INFO:root:====== END RUN - TIMESTAMP IS 20200823175815
INFO:root:Sysdig host is eu-gb.monitoring.cloud.ibm.com
INFO:root:Protocol to use is https
INFO:root:Logging isDEBUG
INFO:root:saving API response under log directory...
INFO:root:Sysdig host is eu-gb.monitoring.cloud.ibm.com
INFO:root:Protocol to use is https
INFO:root:Logging isDEBUG
INFO:root:saving API response under log directory...
INFO:root:Sysdig host is eu-gb.monitoring.cloud.ibm.com
INFO:root:Protocol to use is https
INFO:root:Logging isDEBUG
INFO:root:saving API response under log directory...
INFO:root:Sysdig host is eu-gb.monitoring.cloud.ibm.com
INFO:root:Protocol to use is https
INFO:root:Logging isDEBUG
INFO:root:saving API response under log directory...
INFO:root:====== BEGIN RUN - TIMESTAMP IS 1598205711.54
INFO:root:Querying data for aspect namespaceStats, query url: https://eu-gb.monitoring.cloud.ibm.com:443/api/data
INFO:root:Item count is: 59
INFO:root:Querying data for aspect nodeStats, query url: https://eu-gb.monitoring.cloud.ibm.com:443/api/data
INFO:root:Item count is: 100
INFO:root:WARNING: no workloadStats definition in configuration file
INFO:root:Statistics for aspect workloadStats not being requested.
INFO:root:Querying data for aspect clusterStats, query url: https://eu-gb.monitoring.cloud.ibm.com:443/api/data
INFO:root:Item count is: 4
INFO:root:====== END RUN - TIMESTAMP IS 1598205711.54
INFO:root:Sysdig host is eu-gb.monitoring.cloud.ibm.com
INFO:root:Protocol to use is https
INFO:root:Logging isDEBUG
INFO:root:saving API response under log directory...
INFO:root:====== BEGIN RUN - TIMESTAMP IS 1598205816
INFO:root:Querying data for aspect namespaceStats, query url: https://eu-gb.monitoring.cloud.ibm.com:443/api/data
INFO:root:Item count is: 59
INFO:root:Querying data for aspect nodeStats, query url: https://eu-gb.monitoring.cloud.ibm.com:443/api/data
INFO:root:Item count is: 100
INFO:root:WARNING: no workloadStats definition in configuration file
INFO:root:Statistics for aspect workloadStats not being requested.
INFO:root:Querying data for aspect clusterStats, query url: https://eu-gb.monitoring.cloud.ibm.com:443/api/data
INFO:root:Item count is: 4
INFO:root:====== END RUN - TIMESTAMP IS 1598205816
INFO:root:Sysdig host is eu-gb.monitoring.cloud.ibm.com
INFO:root:Protocol to use is https
INFO:root:Logging isDEBUG
INFO:root:saving API response under log directory...
INFO:root:Sysdig host is eu-gb.monitoring.cloud.ibm.com
INFO:root:Protocol to use is https
INFO:root:Logging isDEBUG
INFO:root:saving API response under log directory...
INFO:root:Sysdig host is eu-gb.monitoring.cloud.ibm.com
INFO:root:Protocol to use is https
INFO:root:Logging isDEBUG
INFO:root:saving API response under log directory...
INFO:root:Sysdig host is eu-gb.monitoring.cloud.ibm.com
INFO:root:Protocol to use is https
INFO:root:Logging isDEBUG
INFO:root:saving API response under log directory...
INFO:root:Sysdig host is eu-gb.monitoring.cloud.ibm.com
INFO:root:Protocol to use is https
INFO:root:Logging isDEBUG
INFO:root:saving API response under log directory...
INFO:root:Sysdig host is eu-gb.monitoring.cloud.ibm.com
INFO:root:Protocol to use is https
INFO:root:Logging isDEBUG
INFO:root:saving API response under log directory...
INFO:root:Sysdig host is eu-gb.monitoring.cloud.ibm.com
INFO:root:Protocol to use is https
INFO:root:Logging isDEBUG
INFO:root:saving API response under log directory...
INFO:root:Sysdig host is eu-gb.monitoring.cloud.ibm.com
INFO:root:Protocol to use is https
INFO:root:Logging isDEBUG
INFO:root:saving API response under log directory...
INFO:root:Sysdig host is eu-gb.monitoring.cloud.ibm.com
INFO:root:Protocol to use is https
INFO:root:Logging isDEBUG
INFO:root:saving API response under log directory...
INFO:root:Sysdig host is eu-gb.monitoring.cloud.ibm.com
INFO:root:Protocol to use is https
INFO:root:Logging isDEBUG
INFO:root:saving API response under log directory...
INFO:root:Sysdig host is eu-gb.monitoring.cloud.ibm.com
INFO:root:Protocol to use is https
INFO:root:Logging isDEBUG
INFO:root:saving API response under log directory...
INFO:root:Sysdig host is eu-gb.monitoring.cloud.ibm.com
INFO:root:Protocol to use is https
INFO:root:Logging isDEBUG
INFO:root:saving API response under log directory...
INFO:root:Sysdig host is eu-gb.monitoring.cloud.ibm.com
INFO:root:Protocol to use is https
INFO:root:Logging isDEBUG
INFO:root:saving API response under log directory...
INFO:root:Sysdig host is eu-gb.monitoring.cloud.ibm.com
INFO:root:Protocol to use is https
INFO:root:Logging isDEBUG
INFO:root:saving API response under log directory...
INFO:root:Sysdig host is eu-gb.monitoring.cloud.ibm.com
INFO:root:Protocol to use is https
INFO:root:Logging isDEBUG
INFO:root:saving API response under log directory...
INFO:root:Sysdig host is eu-gb.monitoring.cloud.ibm.com
INFO:root:Protocol to use is https
INFO:root:Logging isDEBUG
INFO:root:saving API response under log directory...
INFO:root:Sysdig host is eu-gb.monitoring.cloud.ibm.com
INFO:root:Protocol to use is https
INFO:root:Logging isDEBUG
INFO:root:saving API response under log directory...
INFO:root:Sysdig host is eu-gb.monitoring.cloud.ibm.com
INFO:root:Protocol to use is https
INFO:root:Logging isDEBUG
INFO:root:saving API response under log directory...
INFO:root:Sysdig host is eu-gb.monitoring.cloud.ibm.com
INFO:root:Protocol to use is https
INFO:root:Logging isDEBUG
INFO:root:saving API response under log directory...
INFO:root:Sysdig host is eu-gb.monitoring.cloud.ibm.com
INFO:root:Protocol to use is https
INFO:root:Logging isDEBUG
INFO:root:saving API response under log directory...
INFO:root:Sysdig host is eu-gb.monitoring.cloud.ibm.com
INFO:root:Protocol to use is https
INFO:root:Logging isDEBUG
INFO:root:saving API response under log directory...
INFO:root:====== BEGIN RUN - TIMESTAMP IS 1598181600
INFO:root:Querying data for aspect namespaceStats, query url: https://eu-gb.monitoring.cloud.ibm.com:443/api/data
INFO:root:Item count is: 60
INFO:root:Querying data for aspect nodeStats, query url: https://eu-gb.monitoring.cloud.ibm.com:443/api/data
INFO:root:Item count is: 100
INFO:root:WARNING: no workloadStats definition in configuration file
INFO:root:Statistics for aspect workloadStats not being requested.
INFO:root:Querying data for aspect clusterStats, query url: https://eu-gb.monitoring.cloud.ibm.com:443/api/data
INFO:root:Item count is: 4
INFO:root:====== END RUN - TIMESTAMP IS 1598181600
INFO:root:Sysdig host is eu-gb.monitoring.cloud.ibm.com
INFO:root:Protocol to use is https
INFO:root:Logging isDEBUG
INFO:root:saving API response under log directory...
INFO:root:Sysdig host is eu-gb.monitoring.cloud.ibm.com
INFO:root:Protocol to use is https
INFO:root:Logging isDEBUG
INFO:root:saving API response under log directory...
INFO:root:Sysdig host is eu-gb.monitoring.cloud.ibm.com
INFO:root:Protocol to use is https
INFO:root:Logging isDEBUG
INFO:root:saving API response under log directory...
INFO:root:Sysdig host is eu-gb.monitoring.cloud.ibm.com
INFO:root:Protocol to use is https
INFO:root:Logging isDEBUG
INFO:root:saving API response under log directory...
INFO:root:Sysdig host is eu-gb.monitoring.cloud.ibm.com
INFO:root:Protocol to use is https
INFO:root:Logging isDEBUG
INFO:root:saving API response under log directory...
INFO:root:====== BEGIN RUN - TIMESTAMP IS 1598207400
INFO:root:Querying data for aspect namespaceStats, query url: https://eu-gb.monitoring.cloud.ibm.com:443/api/data
INFO:root:Item count is: 60
INFO:root:Querying data for aspect nodeStats, query url: https://eu-gb.monitoring.cloud.ibm.com:443/api/data
INFO:root:Item count is: 100
INFO:root:WARNING: no workloadStats definition in configuration file
INFO:root:Statistics for aspect workloadStats not being requested.
INFO:root:Querying data for aspect clusterStats, query url: https://eu-gb.monitoring.cloud.ibm.com:443/api/data
INFO:root:Item count is: 4
INFO:root:====== END RUN - TIMESTAMP IS 1598207400
INFO:root:Sysdig host is eu-gb.monitoring.cloud.ibm.com
INFO:root:Protocol to use is https
INFO:root:Logging isDEBUG
INFO:root:saving API response under log directory...
INFO:root:====== BEGIN RUN - TIMESTAMP IS 1598207400
INFO:root:Querying data for aspect namespaceStats, query url: https://eu-gb.monitoring.cloud.ibm.com:443/api/data
INFO:root:Item count is: 60
INFO:root:Querying data for aspect nodeStats, query url: https://eu-gb.monitoring.cloud.ibm.com:443/api/data
INFO:root:Item count is: 100
INFO:root:WARNING: no workloadStats definition in configuration file
INFO:root:Statistics for aspect workloadStats not being requested.
INFO:root:Querying data for aspect clusterStats, query url: https://eu-gb.monitoring.cloud.ibm.com:443/api/data
INFO:root:Item count is: 4
INFO:root:====== END RUN - TIMESTAMP IS 1598207400
INFO:root:Sysdig host is eu-gb.monitoring.cloud.ibm.com
INFO:root:Protocol to use is https
INFO:root:Logging isDEBUG
INFO:root:saving API response under log directory...
INFO:root:====== BEGIN RUN - TIMESTAMP IS 1598207400
INFO:root:Querying data for aspect namespaceStats, query url: https://eu-gb.monitoring.cloud.ibm.com:443/api/data
INFO:root:Item count is: 60
INFO:root:Querying data for aspect nodeStats, query url: https://eu-gb.monitoring.cloud.ibm.com:443/api/data
INFO:root:Item count is: 100
INFO:root:WARNING: no workloadStats definition in configuration file
INFO:root:Statistics for aspect workloadStats not being requested.
INFO:root:Querying data for aspect clusterStats, query url: https://eu-gb.monitoring.cloud.ibm.com:443/api/data
INFO:root:Item count is: 4
INFO:root:====== END RUN - TIMESTAMP IS 1598207400
INFO:root:Sysdig host is eu-gb.monitoring.cloud.ibm.com
INFO:root:Protocol to use is https
INFO:root:Logging isDEBUG
INFO:root:saving API response under log directory...
INFO:root:====== BEGIN RUN - TIMESTAMP IS 1598208000
INFO:root:Querying data for aspect namespaceStats, query url: https://eu-gb.monitoring.cloud.ibm.com:443/api/data
INFO:root:Item count is: 60
INFO:root:Querying data for aspect nodeStats, query url: https://eu-gb.monitoring.cloud.ibm.com:443/api/data
INFO:root:Item count is: 100
INFO:root:WARNING: no workloadStats definition in configuration file
INFO:root:Statistics for aspect workloadStats not being requested.
INFO:root:Querying data for aspect clusterStats, query url: https://eu-gb.monitoring.cloud.ibm.com:443/api/data
INFO:root:Item count is: 4
INFO:root:====== END RUN - TIMESTAMP IS 1598208000
INFO:root:Sysdig host is eu-gb.monitoring.cloud.ibm.com
INFO:root:Protocol to use is https
INFO:root:Logging isDEBUG
INFO:root:saving API response under log directory...
INFO:root:====== BEGIN RUN - TIMESTAMP IS 1598208000
INFO:root:Querying data for aspect namespaceStats, query url: https://eu-gb.monitoring.cloud.ibm.com:443/api/data
INFO:root:Item count is: 60
INFO:root:Querying data for aspect deploymentStats, query url: https://eu-gb.monitoring.cloud.ibm.com:443/api/data
INFO:root:Sysdig host is eu-gb.monitoring.cloud.ibm.com
INFO:root:Protocol to use is https
INFO:root:Logging isDEBUG
INFO:root:saving API response under log directory...
INFO:root:====== BEGIN RUN - TIMESTAMP IS 1598208000
INFO:root:Querying data for aspect namespaceStats, query url: https://eu-gb.monitoring.cloud.ibm.com:443/api/data
INFO:root:Item count is: 60
INFO:root:Querying data for aspect deploymentStats, query url: https://eu-gb.monitoring.cloud.ibm.com:443/api/data
INFO:root:Item count is: 100
INFO:root:Querying data for aspect nodeStats, query url: https://eu-gb.monitoring.cloud.ibm.com:443/api/data
INFO:root:Item count is: 100
INFO:root:Querying data for aspect clusterStats, query url: https://eu-gb.monitoring.cloud.ibm.com:443/api/data
INFO:root:Item count is: 4
INFO:root:====== END RUN - TIMESTAMP IS 1598208000
INFO:root:Sysdig host is eu-gb.monitoring.cloud.ibm.com
INFO:root:Protocol to use is https
INFO:root:Logging isDEBUG
INFO:root:saving API response under log directory...
INFO:root:====== BEGIN RUN - TIMESTAMP IS 1598208600
INFO:root:Querying data for aspect namespaceStats, query url: https://eu-gb.monitoring.cloud.ibm.com:443/api/data
INFO:root:Item count is: 60
INFO:root:Querying data for aspect deploymentStats, query url: https://eu-gb.monitoring.cloud.ibm.com:443/api/data
INFO:root:Item count is: 100
INFO:root:Querying data for aspect nodeStats, query url: https://eu-gb.monitoring.cloud.ibm.com:443/api/data
INFO:root:Item count is: 100
INFO:root:Querying data for aspect clusterStats, query url: https://eu-gb.monitoring.cloud.ibm.com:443/api/data
INFO:root:Item count is: 4
INFO:root:====== END RUN - TIMESTAMP IS 1598208600
INFO:root:Sysdig host is eu-gb.monitoring.cloud.ibm.com
INFO:root:Protocol to use is https
INFO:root:Logging isDEBUG
INFO:root:saving API response under log directory...
INFO:root:====== BEGIN RUN - TIMESTAMP IS 1598208600
INFO:root:writing to csv file named /home/ncoadmin/sysdig-mediator//sysdigcsv/namespaceStats-1598208600.csv
INFO:root:Querying data for aspect namespaceStats, query url: https://eu-gb.monitoring.cloud.ibm.com:443/api/data
INFO:root:Item count is: 60
INFO:root:writing to csv file named /home/ncoadmin/sysdig-mediator//sysdigcsv/deploymentStats-1598208600.csv
INFO:root:Querying data for aspect deploymentStats, query url: https://eu-gb.monitoring.cloud.ibm.com:443/api/data
INFO:root:Item count is: 100
INFO:root:writing to csv file named /home/ncoadmin/sysdig-mediator//sysdigcsv/nodeStats-1598208600.csv
INFO:root:Querying data for aspect nodeStats, query url: https://eu-gb.monitoring.cloud.ibm.com:443/api/data
INFO:root:Item count is: 100
INFO:root:writing to csv file named /home/ncoadmin/sysdig-mediator//sysdigcsv/clusterStats-1598208600.csv
INFO:root:Querying data for aspect clusterStats, query url: https://eu-gb.monitoring.cloud.ibm.com:443/api/data
INFO:root:Item count is: 4
INFO:root:====== END RUN - TIMESTAMP IS 1598208600
INFO:root:Sysdig host is eu-gb.monitoring.cloud.ibm.com
INFO:root:Protocol to use is https
INFO:root:Logging isDEBUG
INFO:root:saving API response under log directory...
INFO:root:====== BEGIN RUN - TIMESTAMP IS 1598209200
INFO:root:writing to csv file named /home/ncoadmin/sysdig-mediator//sysdigcsv/namespaceStats-1598209200.csv
INFO:root:Querying data for aspect namespaceStats, query url: https://eu-gb.monitoring.cloud.ibm.com:443/api/data
INFO:root:Item count is: 60
INFO:root:writing to csv file named /home/ncoadmin/sysdig-mediator//sysdigcsv/deploymentStats-1598209200.csv
INFO:root:Querying data for aspect deploymentStats, query url: https://eu-gb.monitoring.cloud.ibm.com:443/api/data
INFO:root:Item count is: 100
INFO:root:writing to csv file named /home/ncoadmin/sysdig-mediator//sysdigcsv/nodeStats-1598209200.csv
INFO:root:Querying data for aspect nodeStats, query url: https://eu-gb.monitoring.cloud.ibm.com:443/api/data
INFO:root:Item count is: 100
INFO:root:writing to csv file named /home/ncoadmin/sysdig-mediator//sysdigcsv/clusterStats-1598209200.csv
INFO:root:Querying data for aspect clusterStats, query url: https://eu-gb.monitoring.cloud.ibm.com:443/api/data
INFO:root:Item count is: 4
INFO:root:====== END RUN - TIMESTAMP IS 1598209200
INFO:root:Sysdig host is eu-gb.monitoring.cloud.ibm.com
INFO:root:Protocol to use is https
INFO:root:Logging isDEBUG
INFO:root:saving API response under log directory...
INFO:root:====== BEGIN RUN - TIMESTAMP IS 1598209800
INFO:root:writing to csv file named /home/ncoadmin/sysdig-mediator//sysdigcsv/namespaceStats-1598209800.csv
INFO:root:Querying data for aspect namespaceStats, query url: https://eu-gb.monitoring.cloud.ibm.com:443/api/data
INFO:root:Item count is: 59
INFO:root:writing to csv file named /home/ncoadmin/sysdig-mediator//sysdigcsv/deploymentStats-1598209800.csv
INFO:root:Querying data for aspect deploymentStats, query url: https://eu-gb.monitoring.cloud.ibm.com:443/api/data
INFO:root:Item count is: 100
INFO:root:writing to csv file named /home/ncoadmin/sysdig-mediator//sysdigcsv/nodeStats-1598209800.csv
INFO:root:Querying data for aspect nodeStats, query url: https://eu-gb.monitoring.cloud.ibm.com:443/api/data
INFO:root:Item count is: 100
INFO:root:writing to csv file named /home/ncoadmin/sysdig-mediator//sysdigcsv/clusterStats-1598209800.csv
INFO:root:Querying data for aspect clusterStats, query url: https://eu-gb.monitoring.cloud.ibm.com:443/api/data
INFO:root:Item count is: 4
INFO:root:====== END RUN - TIMESTAMP IS 1598209800
INFO:root:Sysdig apiKey is ibm-sysdigcloud-api=4c5bfe6178aafc69b7c4ed74da5d39c58b81c33a
INFO:root:Sysdig host is eu-gb.monitoring.cloud.ibm.com
INFO:root:Protocol to use is https
INFO:root:Logging isDEBUG
INFO:root:saving API response under log directory...
INFO:root:====== BEGIN RUN - TIMESTAMP IS 1598209800
INFO:root:writing to csv file named /home/ncoadmin/sysdig-mediator//sysdigcsv/namespaceStats-1598209800.csv
INFO:root:Querying data for aspect namespaceStats, query url: https://eu-gb.monitoring.cloud.ibm.com:443/api/data
INFO:root:Item count is: 60
INFO:root:writing to csv file named /home/ncoadmin/sysdig-mediator//sysdigcsv/deploymentStats-1598209800.csv
INFO:root:Querying data for aspect deploymentStats, query url: https://eu-gb.monitoring.cloud.ibm.com:443/api/data
INFO:root:Item count is: 100
INFO:root:writing to csv file named /home/ncoadmin/sysdig-mediator//sysdigcsv/nodeStats-1598209800.csv
INFO:root:Querying data for aspect nodeStats, query url: https://eu-gb.monitoring.cloud.ibm.com:443/api/data
INFO:root:Item count is: 100
INFO:root:writing to csv file named /home/ncoadmin/sysdig-mediator//sysdigcsv/clusterStats-1598209800.csv
INFO:root:Querying data for aspect clusterStats, query url: https://eu-gb.monitoring.cloud.ibm.com:443/api/data
INFO:root:Item count is: 4
INFO:root:====== END RUN - TIMESTAMP IS 1598209800
INFO:root:Sysdig apiKey is ibm-sysdigcloud-api=4c5bfe6178aafc69b7c4ed74da5d39c58b81c33a
INFO:root:Sysdig host is eu-gb.monitoring.cloud.ibm.com
INFO:root:Protocol to use is https
INFO:root:Logging isDEBUG
INFO:root:saving API response under log directory...
INFO:root:====== BEGIN RUN - TIMESTAMP IS 1598210400
INFO:root:writing to csv file named /home/ncoadmin/sysdig-mediator//sysdigcsv/namespaceStats-1598210400.csv
INFO:root:Querying data for aspect namespaceStats, query url: https://eu-gb.monitoring.cloud.ibm.com:443/api/data
INFO:root:Item count is: 60
INFO:root:writing to csv file named /home/ncoadmin/sysdig-mediator//sysdigcsv/deploymentStats-1598210400.csv
INFO:root:Querying data for aspect deploymentStats, query url: https://eu-gb.monitoring.cloud.ibm.com:443/api/data
INFO:root:Item count is: 100
INFO:root:writing to csv file named /home/ncoadmin/sysdig-mediator//sysdigcsv/nodeStats-1598210400.csv
INFO:root:Querying data for aspect nodeStats, query url: https://eu-gb.monitoring.cloud.ibm.com:443/api/data
INFO:root:Item count is: 100
INFO:root:writing to csv file named /home/ncoadmin/sysdig-mediator//sysdigcsv/clusterStats-1598210400.csv
INFO:root:Querying data for aspect clusterStats, query url: https://eu-gb.monitoring.cloud.ibm.com:443/api/data
INFO:root:Item count is: 4
INFO:root:====== END RUN - TIMESTAMP IS 1598210400
